1724527568532:q
1724527613620:help
1724527647413:q "Co to jest Spring"
1724527754132:help
1724527822645:q: "Co to jest Spring"
1724527830876:q
1724527861883:q "dsdds'\n"
1724527869308:q 'dfdfd'
1724528057952:q "What is spring boot? answer please in polish language"
1724528128045:q "What is spring boot"
1724528202460:q
1724528222605:q "Co to jest spring"
1724528258861:q co to jest pring
1724528492934:help
1724528507189:q "Co to spring boot"
1724528745312:q "podaj składnie @Command"
1724529000845:q
1724529141043:q "Jakie są możliwości spring shell?"
1724529205632:q "Podaj przykład metody używającej zakłdek"
1724529269719:q "Podaj przykład metody używającej zakładek w spring shell"
1724529472501:exit
1724530014154:q "jak przenieść hasło z application.properties do .env?"
1724530061834:q "jak przenieść hasło z application.properties do .env? Podaj przykłady"
